<?xml version="1.0" encoding="UTF-8"?>
<!-- Generated by org.testng.reporters.JUnitReportReporter -->
<testsuite hostname="DESKTOP-ARQSK1R" failures="0" tests="1" name="TestCase.TC002_POST_Test" time="1.900" errors="0" timestamp="20 Jun 2020 11:21:33 GMT">
  <testcase classname="TestCase.TC002_POST_Test" name="post" time="1.900"/>
</testsuite> <!-- TestCase.TC002_POST_Test -->
