<?xml version="1.0" encoding="UTF-8"?>
<!-- Generated by org.testng.reporters.JUnitReportReporter -->
<testsuite hostname="DESKTOP-ARQSK1R" failures="0" tests="1" name="TestCase.TC001_GET_Test" time="6.639" errors="0" timestamp="20 Jun 2020 11:21:33 GMT">
  <testcase classname="TestCase.TC001_GET_Test" name="get" time="6.639"/>
</testsuite> <!-- TestCase.TC001_GET_Test -->
