<?xml version="1.0" encoding="UTF-8"?>
<!-- Generated by org.testng.reporters.JUnitReportReporter -->
<testsuite hostname="DESKTOP-ARQSK1R" failures="0" tests="1" name="TestCase.TC001_GET_Test" time="4.395" errors="0" timestamp="20 Jun 2020 08:55:52 GMT">
  <testcase classname="TestCase.TC001_GET_Test" name="get" time="4.395"/>
</testsuite> <!-- TestCase.TC001_GET_Test -->
